<?xml version="1.0" encoding="UTF-8"?>
<!-- Generated by org.testng.reporters.JUnitXMLReporter -->
<testsuite ignored="0" hostname="DESKTOP-PHL81UN" failures="1" tests="2" name="Test" time="68.963" errors="0" timestamp="05 Mar 2020 12:26:23 GMT">
  <testcase classname="com.testAutomation.testRunner.TestRunner" name="feature" time="34.913">
    <failure type="java.lang.AssertionError" message="expected [true] but found [false]">
      <![CDATA[java.lang.AssertionError: expected [true] but found [false]
at com.testAutomation.stepDef.AmazonSearchStepDef.validate_product_name(AmazonSearchStepDef.java:45)
at âœ½.Validate product name(src/test/resources/features/AmazonSearch.feature:7)
... Removed 4 stack frames]]>
    </failure>
  </testcase> <!-- feature -->
  <testcase classname="com.testAutomation.testRunner.TestRunner" name="feature" time="33.556"/>
</testsuite> <!-- Test -->
