<?xml version="1.0" encoding="UTF-8"?>
<testng-results ignored="0" total="2" passed="0" failed="0" skipped="2">
  <reporter-output>
  </reporter-output>
  <suite started-at="2020-02-28T14:39:10Z" name="Default suite" finished-at="2020-02-28T14:39:10Z" duration-ms="654">
    <groups>
    </groups>
    <test started-at="2020-02-28T14:39:10Z" name="Default test" finished-at="2020-02-28T14:39:10Z" duration-ms="654">
      <class name="com.testAutomation.testRunner.TestRunner">
        <test-method is-config="true" signature="setUpClass()[pri:0, instance:com.testAutomation.testRunner.TestRunner@51e5fc98]" started-at="2020-02-28T14:39:10Z" name="setUpClass" finished-at="2020-02-28T14:39:10Z" duration-ms="224" status="PASS">
          <reporter-output>
          </reporter-output>
        </test-method> <!-- setUpClass -->
        <test-method signature="feature(cucumber.api.testng.PickleEventWrapper, cucumber.api.testng.CucumberFeatureWrapper)[pri:0, instance:com.testAutomation.testRunner.TestRunner@51e5fc98]" started-at="2020-02-28T14:39:10Z" name="feature" data-provider="features" finished-at="2020-02-28T14:39:10Z" duration-ms="293" status="SKIP">
          <params>
            <param index="0">
              <value>
                <![CDATA["Amazon search product validations"]]>
              </value>
            </param>
            <param index="1">
              <value>
                <![CDATA["Amazon search validation"]]>
              </value>
            </param>
          </params>
          <exception class="org.testng.SkipException">
            <message>
              <![CDATA[cucumber.api.PendingException: TODO: implement me
at com.testAutomation.stepDef.AmazonSearchStepDef.open_Chrome_browser_with_URL(AmazonSearchStepDef.java:11)
at ✽.Open Chrome browser with URL(src/test/resources/features/AmazonSearch.feature:4)
]]>
            </message>
            <full-stacktrace>
              <![CDATA[org.testng.SkipException: cucumber.api.PendingException: TODO: implement me
at com.testAutomation.stepDef.AmazonSearchStepDef.open_Chrome_browser_with_URL(AmazonSearchStepDef.java:11)
at ✽.Open Chrome browser with URL(src/test/resources/features/AmazonSearch.feature:4)

at cucumber.api.testng.TestCaseResultListener.getError(TestCaseResultListener.java:54)
at cucumber.api.testng.TestNGCucumberRunner.runScenario(TestNGCucumberRunner.java:72)
at com.testAutomation.testRunner.TestRunner.feature(TestRunner.java:30)
at java.base/jdk.internal.reflect.NativeMethodAccessorImpl.invoke0(Native Method)
at java.base/jdk.internal.reflect.NativeMethodAccessorImpl.invoke(NativeMethodAccessorImpl.java:62)
at java.base/jdk.internal.reflect.DelegatingMethodAccessorImpl.invoke(DelegatingMethodAccessorImpl.java:43)
at java.base/java.lang.reflect.Method.invoke(Method.java:567)
at org.testng.internal.MethodInvocationHelper.invokeMethod(MethodInvocationHelper.java:124)
at org.testng.internal.Invoker.invokeMethod(Invoker.java:583)
at org.testng.internal.Invoker.invokeTestMethod(Invoker.java:719)
at org.testng.internal.Invoker.invokeTestMethods(Invoker.java:989)
at org.testng.internal.TestMethodWorker.invokeTestMethods(TestMethodWorker.java:125)
at org.testng.internal.TestMethodWorker.run(TestMethodWorker.java:109)
at org.testng.TestRunner.privateRun(TestRunner.java:648)
at org.testng.TestRunner.run(TestRunner.java:505)
at org.testng.SuiteRunner.runTest(SuiteRunner.java:455)
at org.testng.SuiteRunner.runSequentially(SuiteRunner.java:450)
at org.testng.SuiteRunner.privateRun(SuiteRunner.java:415)
at org.testng.SuiteRunner.run(SuiteRunner.java:364)
at org.testng.SuiteRunnerWorker.runSuite(SuiteRunnerWorker.java:52)
at org.testng.SuiteRunnerWorker.run(SuiteRunnerWorker.java:84)
at org.testng.TestNG.runSuitesSequentially(TestNG.java:1208)
at org.testng.TestNG.runSuitesLocally(TestNG.java:1137)
at org.testng.TestNG.runSuites(TestNG.java:1049)
at org.testng.TestNG.run(TestNG.java:1017)
at org.testng.remote.AbstractRemoteTestNG.run(AbstractRemoteTestNG.java:115)
at org.testng.remote.RemoteTestNG.initAndRun(RemoteTestNG.java:251)
at org.testng.remote.RemoteTestNG.main(RemoteTestNG.java:77)
Caused by: cucumber.api.PendingException: TODO: implement me
at com.testAutomation.stepDef.AmazonSearchStepDef.open_Chrome_browser_with_URL(AmazonSearchStepDef.java:11)
at ✽.Open Chrome browser with URL(src/test/resources/features/AmazonSearch.feature:4)
]]>
            </full-stacktrace>
          </exception> <!-- org.testng.SkipException -->
          <reporter-output>
          </reporter-output>
        </test-method> <!-- feature -->
        <test-method signature="feature(cucumber.api.testng.PickleEventWrapper, cucumber.api.testng.CucumberFeatureWrapper)[pri:0, instance:com.testAutomation.testRunner.TestRunner@51e5fc98]" started-at="2020-02-28T14:39:10Z" name="feature" data-provider="features" finished-at="2020-02-28T14:39:10Z" duration-ms="4" status="SKIP">
          <params>
            <param index="0">
              <value>
                <![CDATA["Amazon search product validations"]]>
              </value>
            </param>
            <param index="1">
              <value>
                <![CDATA["Amazon search validation"]]>
              </value>
            </param>
          </params>
          <exception class="org.testng.SkipException">
            <message>
              <![CDATA[cucumber.api.PendingException: TODO: implement me
at com.testAutomation.stepDef.AmazonSearchStepDef.open_Chrome_browser_with_URL(AmazonSearchStepDef.java:11)
at ✽.Open Chrome browser with URL(src/test/resources/features/AmazonSearch.feature:4)
]]>
            </message>
            <full-stacktrace>
              <![CDATA[org.testng.SkipException: cucumber.api.PendingException: TODO: implement me
at com.testAutomation.stepDef.AmazonSearchStepDef.open_Chrome_browser_with_URL(AmazonSearchStepDef.java:11)
at ✽.Open Chrome browser with URL(src/test/resources/features/AmazonSearch.feature:4)

at cucumber.api.testng.TestCaseResultListener.getError(TestCaseResultListener.java:54)
at cucumber.api.testng.TestNGCucumberRunner.runScenario(TestNGCucumberRunner.java:72)
at com.testAutomation.testRunner.TestRunner.feature(TestRunner.java:30)
at java.base/jdk.internal.reflect.NativeMethodAccessorImpl.invoke0(Native Method)
at java.base/jdk.internal.reflect.NativeMethodAccessorImpl.invoke(NativeMethodAccessorImpl.java:62)
at java.base/jdk.internal.reflect.DelegatingMethodAccessorImpl.invoke(DelegatingMethodAccessorImpl.java:43)
at java.base/java.lang.reflect.Method.invoke(Method.java:567)
at org.testng.internal.MethodInvocationHelper.invokeMethod(MethodInvocationHelper.java:124)
at org.testng.internal.Invoker.invokeMethod(Invoker.java:583)
at org.testng.internal.Invoker.invokeTestMethod(Invoker.java:719)
at org.testng.internal.Invoker.invokeTestMethods(Invoker.java:989)
at org.testng.internal.TestMethodWorker.invokeTestMethods(TestMethodWorker.java:125)
at org.testng.internal.TestMethodWorker.run(TestMethodWorker.java:109)
at org.testng.TestRunner.privateRun(TestRunner.java:648)
at org.testng.TestRunner.run(TestRunner.java:505)
at org.testng.SuiteRunner.runTest(SuiteRunner.java:455)
at org.testng.SuiteRunner.runSequentially(SuiteRunner.java:450)
at org.testng.SuiteRunner.privateRun(SuiteRunner.java:415)
at org.testng.SuiteRunner.run(SuiteRunner.java:364)
at org.testng.SuiteRunnerWorker.runSuite(SuiteRunnerWorker.java:52)
at org.testng.SuiteRunnerWorker.run(SuiteRunnerWorker.java:84)
at org.testng.TestNG.runSuitesSequentially(TestNG.java:1208)
at org.testng.TestNG.runSuitesLocally(TestNG.java:1137)
at org.testng.TestNG.runSuites(TestNG.java:1049)
at org.testng.TestNG.run(TestNG.java:1017)
at org.testng.remote.AbstractRemoteTestNG.run(AbstractRemoteTestNG.java:115)
at org.testng.remote.RemoteTestNG.initAndRun(RemoteTestNG.java:251)
at org.testng.remote.RemoteTestNG.main(RemoteTestNG.java:77)
Caused by: cucumber.api.PendingException: TODO: implement me
at com.testAutomation.stepDef.AmazonSearchStepDef.open_Chrome_browser_with_URL(AmazonSearchStepDef.java:11)
at ✽.Open Chrome browser with URL(src/test/resources/features/AmazonSearch.feature:4)
]]>
            </full-stacktrace>
          </exception> <!-- org.testng.SkipException -->
          <reporter-output>
          </reporter-output>
        </test-method> <!-- feature -->
        <test-method is-config="true" signature="tearDownClass()[pri:0, instance:com.testAutomation.testRunner.TestRunner@51e5fc98]" started-at="2020-02-28T14:39:10Z" name="tearDownClass" finished-at="2020-02-28T14:39:10Z" duration-ms="54" status="PASS">
          <reporter-output>
          </reporter-output>
        </test-method> <!-- tearDownClass -->
      </class> <!-- com.testAutomation.testRunner.TestRunner -->
    </test> <!-- Default test -->
  </suite> <!-- Default suite -->
</testng-results>
